 > Reading Inputs
 ====> cLine : #RESTART                                
 ====> cLine : #TIMESTART                              
 ====> cLine : #TIMEEND                                
 ====> cLine : #GRID                                   
 ====> cLine : #SAVEPLOTS                              
 ====> cLine : #NGDC_INDICES                           
 ====> cLine : #RESTART                                
 ====> cLine : #TIMESTART                              
 ====> cLine : #TIMEEND                                
 ====> cLine : #GRID                                   
 ====> cLine : #SAVEPLOTS                              
 ====> cLine : #NGDC_INDICES                           
 ====> cLine : #RESTART                                
 ====> cLine : #TIMESTART                              
 ====> cLine : #TIMEEND                                
 ====> cLine : #GRID                                   
 ====> cLine : #SAVEPLOTS                              
 ====> cLine : #NGDC_INDICES                           
 ====> cLine : #RESTART                                
 ====> cLine : #TIMESTART                              
 ====> cLine : #TIMEEND                                
 ====> cLine : #GRID                                   
 ====> cLine : #SAVEPLOTS                              
 ====> cLine : #NGDC_INDICES                           
